Using pre-set license
Pro License: NO

 COMMAND LINE ARGUMENTS:
/Applications/Unity/Hub/Editor/2021.1.12f1/Unity.app/Contents/MacOS/Unity
-adb2
-batchMode
-noUpm
-name
AssetImportWorker4
-projectPath
/Users/mac/Desktop/wow kael
-logFile
Logs/AssetImportWorker4.log
-srvPort
49789
Successfully changed project path to: /Users/mac/Desktop/wow kael
/Users/mac/Desktop/wow kael
Using Asset Import Pipeline V2.
Refreshing native plugins compatible for Editor in 125.32 ms, found 3 plugins.
Preloading 0 native plugins for Editor in 0.00 ms.
Initialize engine version: 2021.1.12f1 (afcadd793de6)
[Subsystems] Discovering subsystems at path /Applications/Unity/Hub/Editor/2021.1.12f1/Unity.app/Contents/Resources/UnitySubsystems
[Subsystems] Discovering subsystems at path /Users/mac/Desktop/wow kael/Assets
GfxDevice: creating device client; threaded=0; jobified=0
2021-11-11 13:24:03.232 Unity[1494:30719] iMac preferred device: NVIDIA GeForce GTX 775M (high power)
2021-11-11 13:24:03.232 Unity[1494:30719] Metal devices available: 1
2021-11-11 13:24:03.232 Unity[1494:30719] 0: NVIDIA GeForce GTX 775M (high power)
2021-11-11 13:24:03.233 Unity[1494:30719] Using device NVIDIA GeForce GTX 775M (high power)
Initializing Metal device caps: NVIDIA GeForce GTX 775M
Initialize mono
Mono path[0] = '/Applications/Unity/Hub/Editor/2021.1.12f1/Unity.app/Contents/Managed'
Mono path[1] = '/Applications/Unity/Hub/Editor/2021.1.12f1/Unity.app/Contents/MonoBleedingEdge/lib/mono/unityjit'
Mono config path = '/Applications/Unity/Hub/Editor/2021.1.12f1/Unity.app/Contents/MonoBleedingEdge/etc'
Using monoOptions --debugger-agent=transport=dt_socket,embedding=1,server=y,suspend=n,address=127.0.0.1:56494
Begin MonoManager ReloadAssembly
Registering precompiled unity dll's ...
Register platform support module: /Applications/Unity/Hub/Editor/2021.1.12f1/Unity.app/Contents/PlaybackEngines/MacStandaloneSupport/UnityEditor.OSXStandalone.Extensions.dll
Registered in 0.000535 seconds.
Native extension for OSXStandalone target not found
Refreshing native plugins compatible for Editor in 121.44 ms, found 3 plugins.
Preloading 0 native plugins for Editor in 0.00 ms.
Mono: successfully reloaded assembly
- Completed reload, in  3.831 seconds
Domain Reload Profiling:
	ReloadAssembly (3831ms)
		BeginReloadAssembly (48ms)
			ExecutionOrderSort (0ms)
			DisableScriptedObjects (0ms)
			BackupInstance (0ms)
			ReleaseScriptingObjects (0ms)
			CreateAndSetChildDomain (1ms)
		EndReloadAssembly (1766ms)
			LoadAssemblies (47ms)
			RebuildTransferFunctionScriptingTraits (0ms)
			SetupTypeCache (246ms)
			ReleaseScriptCaches (0ms)
			RebuildScriptCaches (45ms)
			SetupLoadedEditorAssemblies (1422ms)
				LogAssemblyErrors (0ms)
				InitializePlatformSupportModulesInManaged (1128ms)
				SetLoadedEditorAssemblies (0ms)
				RefreshPlugins (121ms)
				BeforeProcessingInitializeOnLoad (2ms)
				ProcessInitializeOnLoadAttributes (133ms)
				ProcessInitializeOnLoadMethodAttributes (38ms)
				AfterProcessingInitializeOnLoad (0ms)
				EditorAssembliesLoaded (0ms)
			ExecutionOrderSort2 (0ms)
			AwakeInstancesAfterBackupRestoration (0ms)
Platform modules already initialized, skipping
Registering precompiled user dll's ...
Registered in 0.002969 seconds.
Begin MonoManager ReloadAssembly
Symbol file LoadedFromMemory doesn't match image /Users/mac/Desktop/wow kael/Library/PackageCache/com.unity.visualscripting@1.6.1/Editor/VisualScripting.Core/Dependencies/YamlDotNet/Unity.VisualScripting.YamlDotNet.dll
Symbol file LoadedFromMemory doesn't match image /Users/mac/Desktop/wow kael/Library/PackageCache/com.unity.visualscripting@1.6.1/Editor/VisualScripting.Core/Dependencies/DotNetZip/Unity.VisualScripting.IonicZip.dll
Native extension for OSXStandalone target not found
Refreshing native plugins compatible for Editor in 139.06 ms, found 3 plugins.
Preloading 0 native plugins for Editor in 0.00 ms.
Mono: successfully reloaded assembly
- Completed reload, in  2.405 seconds
Domain Reload Profiling:
	ReloadAssembly (2435ms)
		BeginReloadAssembly (257ms)
			ExecutionOrderSort (0ms)
			DisableScriptedObjects (6ms)
			BackupInstance (0ms)
			ReleaseScriptingObjects (0ms)
			CreateAndSetChildDomain (46ms)
		EndReloadAssembly (2096ms)
			LoadAssemblies (90ms)
			RebuildTransferFunctionScriptingTraits (0ms)
			SetupTypeCache (579ms)
			ReleaseScriptCaches (1ms)
			RebuildScriptCaches (86ms)
			SetupLoadedEditorAssemblies (1182ms)
				LogAssemblyErrors (0ms)
				InitializePlatformSupportModulesInManaged (4ms)
				SetLoadedEditorAssemblies (0ms)
				RefreshPlugins (139ms)
				BeforeProcessingInitializeOnLoad (99ms)
				ProcessInitializeOnLoadAttributes (917ms)
				ProcessInitializeOnLoadMethodAttributes (20ms)
				AfterProcessingInitializeOnLoad (1ms)
				EditorAssembliesLoaded (0ms)
			ExecutionOrderSort2 (0ms)
			AwakeInstancesAfterBackupRestoration (9ms)
Platform modules already initialized, skipping
========================================================================
Worker process is ready to serve import requests
Launching external process: /Applications/Unity/Hub/Editor/2021.1.12f1/Unity.app/Contents/Tools/UnityShaderCompiler
Launched and connected shader compiler UnityShaderCompiler after 0.01 seconds
Refreshing native plugins compatible for Editor in 0.83 ms, found 3 plugins.
Preloading 0 native plugins for Editor in 0.00 ms.
Unloading 3668 Unused Serialized files (Serialized files now loaded: 0)
System memory in use before: 227.2 MB.
System memory in use after: 227.3 MB.

Unloading 37 unused Assets to reduce memory usage. Loaded Objects now: 4114.
Total: 3.202830 ms (FindLiveObjects: 0.309356 ms CreateObjectMapping: 0.141762 ms MarkObjects: 2.621652 ms  DeleteObjects: 0.129151 ms)

AssetImportParameters requested are different than current active one (requested -> active):
  custom:video-decoder-ogg-theora: a1e56fd34408186e4bbccfd4996cb3dc -> 
  custom:container-muxer-webm: aa71ff27fc2769a1b78a27578f13a17b -> 
  custom:container-demuxer-webm: 4f35f7cbe854078d1ac9338744f61a02 -> 
  custom:container-demuxer-ogg: 62fdf1f143b41e24485cea50d1cbac27 -> 
  custom:video-encoder-webm-vp8: eb34c28f22e8b96e1ab97ce403110664 -> 
  custom:framework-osx-AVFoundation: b23960f63f64bdc6ff669e2cdcee2391 -> 
  custom:video-decoder-webm-vp8: 9c59270c3fd7afecdb556c50c9e8de78 -> 
  custom:audio-decoder-ogg-vorbis: bf7c407c2cedff20999df2af8eb42d56 -> 
  custom:audio-encoder-webm-vorbis: bf7c407c2cedff20999df2af8eb42d56 -> 
========================================================================
Received Import Request.
  path: Assets/Sprites/Materials
  artifactKey: Guid(0041d9e0be1f441e49097decc7a82a01) Importer(815301076,1909f56bfc062723c751e8b465ee728b)
Start importing Assets/Sprites/Materials using Guid(0041d9e0be1f441e49097decc7a82a01) Importer(815301076,1909f56bfc062723c751e8b465ee728b)  -> (artifact id: '2d221f54326a1bdc5d69f764fbacd61f') in 0.083442 seconds 
========================================================================
Received Import Request.
  Time since last request: 1585.386987 seconds.
  path: Assets/Tiny RPG Forest/Artwork/sprites/hero/walk
  artifactKey: Guid(71405aaa993a7461f9babb5c26d09c3b) Importer(815301076,1909f56bfc062723c751e8b465ee728b)
Start importing Assets/Tiny RPG Forest/Artwork/sprites/hero/walk using Guid(71405aaa993a7461f9babb5c26d09c3b) Importer(815301076,1909f56bfc062723c751e8b465ee728b)  -> (artifact id: 'b59ae5542a28e642f265edc0b144ec7d') in 0.077966 seconds 
========================================================================
Received Import Request.
  Time since last request: 0.889489 seconds.
  path: Assets/Tiny RPG Forest/Artwork/sprites/hero/walk/hero-walk-back
  artifactKey: Guid(ec46a07414c0d47d48b7391e0ee40f51) Importer(815301076,1909f56bfc062723c751e8b465ee728b)
Start importing Assets/Tiny RPG Forest/Artwork/sprites/hero/walk/hero-walk-back using Guid(ec46a07414c0d47d48b7391e0ee40f51) Importer(815301076,1909f56bfc062723c751e8b465ee728b)  -> (artifact id: '15c121f1b815078998407aead69d7730') in 0.430052 seconds 
========================================================================
Received Import Request.
  Time since last request: 7.749081 seconds.
  path: Assets/Tiny RPG Forest/Artwork/sprites/hero/walk/hero-walk-back/hero-walk-back-1.png
  artifactKey: Guid(b6844b89804364482afc9e85f4c7ead6) Importer(815301076,1909f56bfc062723c751e8b465ee728b)
Start importing Assets/Tiny RPG Forest/Artwork/sprites/hero/walk/hero-walk-back/hero-walk-back-1.png using Guid(b6844b89804364482afc9e85f4c7ead6) Importer(815301076,1909f56bfc062723c751e8b465ee728b)  -> (artifact id: '5feaa7ed19fce7dfe1697dd291bea5db') in 6.042997 seconds 
========================================================================
Received Import Request.
  Time since last request: 0.000322 seconds.
  path: Assets/Tiny RPG Forest/Artwork/sprites/hero/walk/hero-walk-back/hero-walk-back-6.png
  artifactKey: Guid(89a9ed82b75b24c1492b3fd640424573) Importer(815301076,1909f56bfc062723c751e8b465ee728b)
Start importing Assets/Tiny RPG Forest/Artwork/sprites/hero/walk/hero-walk-back/hero-walk-back-6.png using Guid(89a9ed82b75b24c1492b3fd640424573) Importer(815301076,1909f56bfc062723c751e8b465ee728b)  -> (artifact id: '6825852479dafaa0e118eb73968043d3') in 0.389208 seconds 
========================================================================
Received Import Request.
  Time since last request: 70.197690 seconds.
  path: Assets/Tiny RPG Forest/Artwork/sprites/hero/walk/hero-walk-front/hero-walk-front-1.png
  artifactKey: Guid(8f92b2d912773479894490421de2bc04) Importer(815301076,1909f56bfc062723c751e8b465ee728b)
Start importing Assets/Tiny RPG Forest/Artwork/sprites/hero/walk/hero-walk-front/hero-walk-front-1.png using Guid(8f92b2d912773479894490421de2bc04) Importer(815301076,1909f56bfc062723c751e8b465ee728b)  -> (artifact id: 'b51db6afce11de87a687444b15b89ae9') in 0.877738 seconds 
========================================================================
Received Import Request.
  Time since last request: 30.858923 seconds.
  path: Assets/Tiny RPG Forest/Artwork/sprites/hero/walk/hero-walk-side-flipped/hero-walk-side-1-flipped.png
  artifactKey: Guid(6c76135c1a78e4abba24074feea63d5b) Importer(815301076,1909f56bfc062723c751e8b465ee728b)
Start importing Assets/Tiny RPG Forest/Artwork/sprites/hero/walk/hero-walk-side-flipped/hero-walk-side-1-flipped.png using Guid(6c76135c1a78e4abba24074feea63d5b) Importer(815301076,1909f56bfc062723c751e8b465ee728b)  -> (artifact id: 'e645693a6b8f25d910ea6981dc93b1dd') in 0.272296 seconds 
========================================================================
Received Import Request.
  Time since last request: 0.096109 seconds.
  path: Assets/Tiny RPG Forest/Artwork/sprites/hero/walk/hero-walk-side-flipped/hero-walk-side-4-flipped.png
  artifactKey: Guid(9608488a4bbf342248fbca97e07dccf0) Importer(815301076,1909f56bfc062723c751e8b465ee728b)
Start importing Assets/Tiny RPG Forest/Artwork/sprites/hero/walk/hero-walk-side-flipped/hero-walk-side-4-flipped.png using Guid(9608488a4bbf342248fbca97e07dccf0) Importer(815301076,1909f56bfc062723c751e8b465ee728b)  -> (artifact id: '86fd8843779d946866584a5c52f309d1') in 0.188570 seconds 
========================================================================
Received Import Request.
  Time since last request: 16.989025 seconds.
  path: Assets/Tiny RPG Forest/Artwork/sprites/hero/walk/hero-walk-side-flipped/hero-walk-side-4-flipped.png
  artifactKey: Guid(9608488a4bbf342248fbca97e07dccf0) Importer(815301076,1909f56bfc062723c751e8b465ee728b)
Start importing Assets/Tiny RPG Forest/Artwork/sprites/hero/walk/hero-walk-side-flipped/hero-walk-side-4-flipped.png using Guid(9608488a4bbf342248fbca97e07dccf0) Importer(815301076,1909f56bfc062723c751e8b465ee728b)  -> (artifact id: '338097ca9a91eab6f7bc216578052fd2') in 0.079692 seconds 
========================================================================
Received Import Request.
  Time since last request: 3.882916 seconds.
  path: Assets/Tiny RPG Forest/Artwork/sprites/hero/walk/hero-walk-side-flipped/hero-walk-side-1-flipped.png
  artifactKey: Guid(6c76135c1a78e4abba24074feea63d5b) Importer(815301076,1909f56bfc062723c751e8b465ee728b)
Start importing Assets/Tiny RPG Forest/Artwork/sprites/hero/walk/hero-walk-side-flipped/hero-walk-side-1-flipped.png using Guid(6c76135c1a78e4abba24074feea63d5b) Importer(815301076,1909f56bfc062723c751e8b465ee728b)  -> (artifact id: '492fb3e0c900297b2563ba17eacfade0') in 0.101243 seconds 
========================================================================
Received Import Request.
  Time since last request: 25.358792 seconds.
  path: Assets/Tiny RPG Forest/Artwork/sprites/hero/walk/hero-walk-side-flipped/hero-walk-side-2-flipped.png
  artifactKey: Guid(662764c2a43d24c5b994086a89c5b088) Importer(815301076,1909f56bfc062723c751e8b465ee728b)
Start importing Assets/Tiny RPG Forest/Artwork/sprites/hero/walk/hero-walk-side-flipped/hero-walk-side-2-flipped.png using Guid(662764c2a43d24c5b994086a89c5b088) Importer(815301076,1909f56bfc062723c751e8b465ee728b)  -> (artifact id: 'c9e476e177bb26bf674c995b0375e684') in 0.200140 seconds 
========================================================================
Received Import Request.
  Time since last request: 0.045084 seconds.
  path: Assets/Tiny RPG Forest/Artwork/sprites/hero/walk/hero-walk-side-flipped/hero-walk-side-3-flipped.png
  artifactKey: Guid(102992d92e6094419a2bd8d8421e6678) Importer(815301076,1909f56bfc062723c751e8b465ee728b)
Start importing Assets/Tiny RPG Forest/Artwork/sprites/hero/walk/hero-walk-side-flipped/hero-walk-side-3-flipped.png using Guid(102992d92e6094419a2bd8d8421e6678) Importer(815301076,1909f56bfc062723c751e8b465ee728b)  -> (artifact id: '255dccf2250982da818ca2380b421dda') in 0.163220 seconds 
========================================================================
Received Import Request.
  Time since last request: 0.153623 seconds.
  path: Assets/Tiny RPG Forest/Artwork/sprites/hero/walk/hero-walk-side-flipped/hero-walk-side-5-flipped.png
  artifactKey: Guid(a2d88a10ccfa54bd8a0f39199552cb9b) Importer(815301076,1909f56bfc062723c751e8b465ee728b)
Start importing Assets/Tiny RPG Forest/Artwork/sprites/hero/walk/hero-walk-side-flipped/hero-walk-side-5-flipped.png using Guid(a2d88a10ccfa54bd8a0f39199552cb9b) Importer(815301076,1909f56bfc062723c751e8b465ee728b)  -> (artifact id: '66fa5cac084ef6967a254af01f6f83a2') in 0.379569 seconds 
========================================================================
Received Import Request.
  Time since last request: 14.507686 seconds.
  path: Assets/Tiny RPG Forest/Artwork/sprites/hero/walk/hero-walk-side-flipped/hero-walk-side-4-flipped.png
  artifactKey: Guid(9608488a4bbf342248fbca97e07dccf0) Importer(815301076,1909f56bfc062723c751e8b465ee728b)
Start importing Assets/Tiny RPG Forest/Artwork/sprites/hero/walk/hero-walk-side-flipped/hero-walk-side-4-flipped.png using Guid(9608488a4bbf342248fbca97e07dccf0) Importer(815301076,1909f56bfc062723c751e8b465ee728b)  -> (artifact id: '7d2cbe9cd56fa3ec4f565f8cdc59c205') in 0.018497 seconds 
========================================================================
Received Import Request.
  Time since last request: 0.799733 seconds.
  path: Assets/Tiny RPG Forest/Artwork/sprites/hero/walk/hero-walk-side-flipped/hero-walk-side-1-flipped.png
  artifactKey: Guid(6c76135c1a78e4abba24074feea63d5b) Importer(815301076,1909f56bfc062723c751e8b465ee728b)
Start importing Assets/Tiny RPG Forest/Artwork/sprites/hero/walk/hero-walk-side-flipped/hero-walk-side-1-flipped.png using Guid(6c76135c1a78e4abba24074feea63d5b) Importer(815301076,1909f56bfc062723c751e8b465ee728b)  -> (artifact id: 'bc47a863fff5009769f44bc7adf95fb4') in 0.033111 seconds 
========================================================================
Received Import Request.
  Time since last request: 27.740548 seconds.
  path: Assets/Tiny RPG Forest/Artwork/sprites/hero/walk/hero-walk-side-flipped/hero-walk-side-4-flipped.png
  artifactKey: Guid(9608488a4bbf342248fbca97e07dccf0) Importer(815301076,1909f56bfc062723c751e8b465ee728b)
Start importing Assets/Tiny RPG Forest/Artwork/sprites/hero/walk/hero-walk-side-flipped/hero-walk-side-4-flipped.png using Guid(9608488a4bbf342248fbca97e07dccf0) Importer(815301076,1909f56bfc062723c751e8b465ee728b)  -> (artifact id: '4dad192e572d8593003e8676b0042a15') in 0.009184 seconds 
========================================================================
Received Import Request.
  Time since last request: 29.775033 seconds.
  path: Assets/Tiny RPG Forest/Artwork/sprites/hero/walk/hero-walk-side-flipped/hero-walk-side-1-flipped.png
  artifactKey: Guid(6c76135c1a78e4abba24074feea63d5b) Importer(815301076,1909f56bfc062723c751e8b465ee728b)
Start importing Assets/Tiny RPG Forest/Artwork/sprites/hero/walk/hero-walk-side-flipped/hero-walk-side-1-flipped.png using Guid(6c76135c1a78e4abba24074feea63d5b) Importer(815301076,1909f56bfc062723c751e8b465ee728b)  -> (artifact id: 'e6edf8ba6cbb1ef63ca6278ef30f3d7d') in 0.028608 seconds 
========================================================================
Received Import Request.
  Time since last request: 38.354896 seconds.
  path: Assets/Tiny RPG Forest/Artwork/sprites/hero/walk/hero-walk-front/hero-walk-front-5.png
  artifactKey: Guid(7376652f4768d4adf82c2dec25babcaa) Importer(815301076,1909f56bfc062723c751e8b465ee728b)
Start importing Assets/Tiny RPG Forest/Artwork/sprites/hero/walk/hero-walk-front/hero-walk-front-5.png using Guid(7376652f4768d4adf82c2dec25babcaa) Importer(815301076,1909f56bfc062723c751e8b465ee728b)  -> (artifact id: '1d449f2425bc847cc1e8171e930dd363') in 0.075404 seconds 
========================================================================
Received Import Request.
  Time since last request: 6.962794 seconds.
  path: Assets/Tiny RPG Forest/Artwork/sprites/hero/walk/hero-walk-front/hero-walk-front-6.png
  artifactKey: Guid(54e307e02e8174335a835d5efe3c8380) Importer(815301076,1909f56bfc062723c751e8b465ee728b)
Start importing Assets/Tiny RPG Forest/Artwork/sprites/hero/walk/hero-walk-front/hero-walk-front-6.png using Guid(54e307e02e8174335a835d5efe3c8380) Importer(815301076,1909f56bfc062723c751e8b465ee728b)  -> (artifact id: 'a04d4111c8a4fde527abdc20ca299bfd') in 0.231778 seconds 
========================================================================
Received Import Request.
  Time since last request: 132.441032 seconds.
  path: Assets/Tiny RPG Forest/Artwork/sprites/hero/walk/hero-walk-front/hero-walk-front-4.png
  artifactKey: Guid(8d49905babc88495495ad3a6f7fce288) Importer(815301076,1909f56bfc062723c751e8b465ee728b)
Start importing Assets/Tiny RPG Forest/Artwork/sprites/hero/walk/hero-walk-front/hero-walk-front-4.png using Guid(8d49905babc88495495ad3a6f7fce288) Importer(815301076,1909f56bfc062723c751e8b465ee728b)  -> (artifact id: '0df20d40bb6ba48559e03b3d10219092') in 0.147582 seconds 
========================================================================
Received Import Request.
  Time since last request: 43.486934 seconds.
  path: Assets/Tiny RPG Forest/Artwork/sprites
  artifactKey: Guid(7abb9878f76254869a9b13568f59ba3a) Importer(815301076,1909f56bfc062723c751e8b465ee728b)
Start importing Assets/Tiny RPG Forest/Artwork/sprites using Guid(7abb9878f76254869a9b13568f59ba3a) Importer(815301076,1909f56bfc062723c751e8b465ee728b)  -> (artifact id: 'aa5f574b324095b17acc2e2e9f7151f8') in 0.033833 seconds 
========================================================================
Received Import Request.
  Time since last request: 2.766220 seconds.
  path: Assets/Tiny RPG Forest/Artwork/sprites/hero/walk/hero-walk-side
  artifactKey: Guid(3716bc9cc2e2446498a713c17c3c1f55) Importer(815301076,1909f56bfc062723c751e8b465ee728b)
Start importing Assets/Tiny RPG Forest/Artwork/sprites/hero/walk/hero-walk-side using Guid(3716bc9cc2e2446498a713c17c3c1f55) Importer(815301076,1909f56bfc062723c751e8b465ee728b)  -> (artifact id: 'a66d66d0c811864aa463524746a00bf0') in 0.844988 seconds 
========================================================================
Received Import Request.
  Time since last request: 0.033974 seconds.
  path: Assets/Tiny RPG Forest/Artwork/sprites/hero/walk/hero-walk-side/hero-walk-side-1.png
  artifactKey: Guid(2521b6229a37c4a56b4fd4e12227c2fb) Importer(815301076,1909f56bfc062723c751e8b465ee728b)
Start importing Assets/Tiny RPG Forest/Artwork/sprites/hero/walk/hero-walk-side/hero-walk-side-1.png using Guid(2521b6229a37c4a56b4fd4e12227c2fb) Importer(815301076,1909f56bfc062723c751e8b465ee728b)  -> (artifact id: '4b3a8cc10667ba7e97e1479de220fa50') in 0.267795 seconds 
========================================================================
Received Import Request.
  Time since last request: 49.862517 seconds.
  path: Assets/Tiny RPG Forest/Artwork/sprites/hero/idle/hero-idle-side
  artifactKey: Guid(dd406825583d146329cf639398cf45da) Importer(815301076,1909f56bfc062723c751e8b465ee728b)
Start importing Assets/Tiny RPG Forest/Artwork/sprites/hero/idle/hero-idle-side using Guid(dd406825583d146329cf639398cf45da) Importer(815301076,1909f56bfc062723c751e8b465ee728b)  -> (artifact id: '627b855d6a70367b3c36e077a9f0f363') in 0.042017 seconds 
========================================================================
Received Import Request.
  Time since last request: 220.294253 seconds.
  path: Assets/Tiny RPG Forest/Artwork/sprites/hero/idle/hero-ilde-side-flipped/hero-idle-side-flipped.png
  artifactKey: Guid(7c3a057dba2cf47fea39dbb220dbe90b) Importer(815301076,1909f56bfc062723c751e8b465ee728b)
Start importing Assets/Tiny RPG Forest/Artwork/sprites/hero/idle/hero-ilde-side-flipped/hero-idle-side-flipped.png using Guid(7c3a057dba2cf47fea39dbb220dbe90b) Importer(815301076,1909f56bfc062723c751e8b465ee728b)  -> (artifact id: 'f1d2279191b6a25f9a60df5880c5c7e5') in 0.268601 seconds 
========================================================================
Received Import Request.
  Time since last request: 64.448594 seconds.
  path: Assets/Tiny RPG Forest/Artwork/sprites/hero/idle/hero-ilde-side-flipped
  artifactKey: Guid(631312ab41d9f4aed8e82fbb987a4991) Importer(815301076,1909f56bfc062723c751e8b465ee728b)
Start importing Assets/Tiny RPG Forest/Artwork/sprites/hero/idle/hero-ilde-side-flipped using Guid(631312ab41d9f4aed8e82fbb987a4991) Importer(815301076,1909f56bfc062723c751e8b465ee728b)  -> (artifact id: 'c0d1e287bb41f25a6604f10efef082cd') in 0.117013 seconds 
========================================================================
Received Import Request.
  Time since last request: 2.210577 seconds.
  path: Assets/Tiny RPG Forest/Artwork/sprites/hero/idle/hero-ilde-side-flipped/hero-idle-side-slipped.png
  artifactKey: Guid(5c321eb61254f4b5497921d248d32ab6) Importer(815301076,1909f56bfc062723c751e8b465ee728b)
Start importing Assets/Tiny RPG Forest/Artwork/sprites/hero/idle/hero-ilde-side-flipped/hero-idle-side-slipped.png using Guid(5c321eb61254f4b5497921d248d32ab6) Importer(815301076,1909f56bfc062723c751e8b465ee728b)  -> (artifact id: '0f75903c4c1f74ecde303d84ed5cce59') in 0.099491 seconds 
========================================================================
Received Import Request.
  Time since last request: 366.041291 seconds.
  path: Assets/Tiny RPG Forest/Artwork/sprites/hero/idle/hero-ilde-side-flipped/Untitled-png.png
  artifactKey: Guid(87f5d07e83c364175a3e8c8b149b9dd7) Importer(815301076,1909f56bfc062723c751e8b465ee728b)
Start importing Assets/Tiny RPG Forest/Artwork/sprites/hero/idle/hero-ilde-side-flipped/Untitled-png.png using Guid(87f5d07e83c364175a3e8c8b149b9dd7) Importer(815301076,1909f56bfc062723c751e8b465ee728b)  -> (artifact id: '0091b7382c1d2a9f09d4d7bf47ad00e7') in 0.043113 seconds 
========================================================================
Received Import Request.
  Time since last request: 7.520034 seconds.
  path: Assets/Tiny RPG Forest/Artwork/sprites/hero/idle/hero-ilde-side-flipped/Untitled-png.png
  artifactKey: Guid(87f5d07e83c364175a3e8c8b149b9dd7) Importer(815301076,1909f56bfc062723c751e8b465ee728b)
Start importing Assets/Tiny RPG Forest/Artwork/sprites/hero/idle/hero-ilde-side-flipped/Untitled-png.png using Guid(87f5d07e83c364175a3e8c8b149b9dd7) Importer(815301076,1909f56bfc062723c751e8b465ee728b)  -> (artifact id: '0f427d425d722e453aa8a331015dc022') in 0.101062 seconds 
========================================================================
Received Import Request.
  Time since last request: 609.347258 seconds.
  path: Assets/Tiny RPG Forest/Artwork/sprites/hero/walk/hero-walk-side-flipped/hero-walk-side-a-flipped.png
  artifactKey: Guid(1530c14aa857a44b5beb22f703a81612) Importer(815301076,1909f56bfc062723c751e8b465ee728b)
Start importing Assets/Tiny RPG Forest/Artwork/sprites/hero/walk/hero-walk-side-flipped/hero-walk-side-a-flipped.png using Guid(1530c14aa857a44b5beb22f703a81612) Importer(815301076,1909f56bfc062723c751e8b465ee728b)  -> (artifact id: 'd195feb1c00b6837286fcd182d2ff267') in 0.043696 seconds 
========================================================================
Received Import Request.
  Time since last request: 0.415668 seconds.
  path: Assets/Tiny RPG Forest/Artwork/sprites/hero/walk/hero-walk-side-flipped/hero-walk-side-b-flipped.png
  artifactKey: Guid(0922559f5009c41a783f7cc772e2ce4c) Importer(815301076,1909f56bfc062723c751e8b465ee728b)
Start importing Assets/Tiny RPG Forest/Artwork/sprites/hero/walk/hero-walk-side-flipped/hero-walk-side-b-flipped.png using Guid(0922559f5009c41a783f7cc772e2ce4c) Importer(815301076,1909f56bfc062723c751e8b465ee728b)  -> (artifact id: '3615d39e3bf895839834f7d3f4c1c667') in 0.081861 seconds 
========================================================================
Received Import Request.
  Time since last request: 9.548777 seconds.
  path: Assets/Tiny RPG Forest/Artwork/sprites/hero/walk/hero-walk-side-flipped/hero-walk-side-b-flipped.png
  artifactKey: Guid(0922559f5009c41a783f7cc772e2ce4c) Importer(815301076,1909f56bfc062723c751e8b465ee728b)
Start importing Assets/Tiny RPG Forest/Artwork/sprites/hero/walk/hero-walk-side-flipped/hero-walk-side-b-flipped.png using Guid(0922559f5009c41a783f7cc772e2ce4c) Importer(815301076,1909f56bfc062723c751e8b465ee728b)  -> (artifact id: 'b2310101b582ab651c3aed65b62b0976') in 0.016010 seconds 
========================================================================
Received Import Request.
  Time since last request: 4.853063 seconds.
  path: Assets/Tiny RPG Forest/Artwork/sprites/hero/walk/hero-walk-side-flipped/hero-walk-side-d-flipped.png
  artifactKey: Guid(a365e478463ea457cba7ae5b731d8dea) Importer(815301076,1909f56bfc062723c751e8b465ee728b)
Start importing Assets/Tiny RPG Forest/Artwork/sprites/hero/walk/hero-walk-side-flipped/hero-walk-side-d-flipped.png using Guid(a365e478463ea457cba7ae5b731d8dea) Importer(815301076,1909f56bfc062723c751e8b465ee728b)  -> (artifact id: 'e1fc12a4ddf8a85e1e654f252f990aa8') in 0.072684 seconds 
========================================================================
Received Import Request.
  Time since last request: 6.404187 seconds.
  path: Assets/Tiny RPG Forest/Artwork/sprites/hero/walk/hero-walk-side-flipped/hero-walk-side-a-flipped.png
  artifactKey: Guid(1530c14aa857a44b5beb22f703a81612) Importer(815301076,1909f56bfc062723c751e8b465ee728b)
Start importing Assets/Tiny RPG Forest/Artwork/sprites/hero/walk/hero-walk-side-flipped/hero-walk-side-a-flipped.png using Guid(1530c14aa857a44b5beb22f703a81612) Importer(815301076,1909f56bfc062723c751e8b465ee728b)  -> (artifact id: '7af45c7520adf6779d165a318e663b3e') in 0.009903 seconds 
========================================================================
Received Import Request.
  Time since last request: 15.483309 seconds.
  path: Assets/Tiny RPG Forest/Artwork/sprites/hero/walk/hero-walk-side-flipped/hero-walk-side-f-flipped.png
  artifactKey: Guid(d8bab8484aeb348669ec62459e6c2b28) Importer(815301076,1909f56bfc062723c751e8b465ee728b)
Start importing Assets/Tiny RPG Forest/Artwork/sprites/hero/walk/hero-walk-side-flipped/hero-walk-side-f-flipped.png using Guid(d8bab8484aeb348669ec62459e6c2b28) Importer(815301076,1909f56bfc062723c751e8b465ee728b)  -> (artifact id: '475912cc09a0496fcbcef008bdf6128f') in 0.181508 seconds 
========================================================================
Received Import Request.
  Time since last request: 36.075384 seconds.
  path: Assets/Tiny RPG Forest/Artwork/sprites/hero/idle/hero-ilde-side-flipped/hero-idle-side-slipped.png
  artifactKey: Guid(5c321eb61254f4b5497921d248d32ab6) Importer(815301076,1909f56bfc062723c751e8b465ee728b)
Start importing Assets/Tiny RPG Forest/Artwork/sprites/hero/idle/hero-ilde-side-flipped/hero-idle-side-slipped.png using Guid(5c321eb61254f4b5497921d248d32ab6) Importer(815301076,1909f56bfc062723c751e8b465ee728b)  -> (artifact id: '92b2634ce55cee6ae59f7a56703701a4') in 0.008405 seconds 
========================================================================
Received Import Request.
  Time since last request: 81.510623 seconds.
  path: Assets/Animation/Player.controller
  artifactKey: Guid(3546b56d0fc2c4de783aa1cc1c493c9d) Importer(815301076,1909f56bfc062723c751e8b465ee728b)
Start importing Assets/Animation/Player.controller using Guid(3546b56d0fc2c4de783aa1cc1c493c9d) Importer(815301076,1909f56bfc062723c751e8b465ee728b)  -> (artifact id: '4f9dbf602a75956c637695fda70b2d2d') in 1.048211 seconds 
========================================================================
Received Import Request.
  Time since last request: 253.740903 seconds.
  path: Assets/Animation/Player_walk_down.anim
  artifactKey: Guid(232754cd0893c42d298a129b2011ec8a) Importer(815301076,1909f56bfc062723c751e8b465ee728b)
Start importing Assets/Animation/Player_walk_down.anim using Guid(232754cd0893c42d298a129b2011ec8a) Importer(815301076,1909f56bfc062723c751e8b465ee728b)  -> (artifact id: '2b4e555c41ebd8016b4d9c03e1e4b996') in 0.545274 seconds 
========================================================================
Received Import Request.
  Time since last request: 10.291407 seconds.
  path: Assets/Animation/Player_walk-up.anim
  artifactKey: Guid(3a7cf22a043b9467ebdddcb922834438) Importer(815301076,1909f56bfc062723c751e8b465ee728b)
Start importing Assets/Animation/Player_walk-up.anim using Guid(3a7cf22a043b9467ebdddcb922834438) Importer(815301076,1909f56bfc062723c751e8b465ee728b)  -> (artifact id: '4bc0a4a48a1bbd6cdb5c47802afd37c1') in 0.068241 seconds 
========================================================================
Received Import Request.
  Time since last request: 251.566756 seconds.
  path: Assets/Animation/Player_idle_back.anim
  artifactKey: Guid(94ef6e57fb80a487a83d288dd644495f) Importer(815301076,1909f56bfc062723c751e8b465ee728b)
Start importing Assets/Animation/Player_idle_back.anim using Guid(94ef6e57fb80a487a83d288dd644495f) Importer(815301076,1909f56bfc062723c751e8b465ee728b)  -> (artifact id: '1bf321f4d2ade4bb5ea39fa73f066c07') in 0.002831 seconds 
========================================================================
Received Import Request.
  Time since last request: 10.523521 seconds.
  path: Assets/Animation/Player_idle_left.anim
  artifactKey: Guid(a482d5f9027cb495a87ddf9cdcf20602) Importer(815301076,1909f56bfc062723c751e8b465ee728b)
Start importing Assets/Animation/Player_idle_left.anim using Guid(a482d5f9027cb495a87ddf9cdcf20602) Importer(815301076,1909f56bfc062723c751e8b465ee728b)  -> (artifact id: 'b2edab847874695558a0f6cc6fdfa5e2') in 0.017085 seconds 
========================================================================
Received Import Request.
  Time since last request: 3.161065 seconds.
  path: Assets/Animation/Player_idle.anim
  artifactKey: Guid(6c728cf1985484b8f88d15fdc259aa87) Importer(815301076,1909f56bfc062723c751e8b465ee728b)
Start importing Assets/Animation/Player_idle.anim using Guid(6c728cf1985484b8f88d15fdc259aa87) Importer(815301076,1909f56bfc062723c751e8b465ee728b)  -> (artifact id: '51c2378951a2de6cf11a154c874f3cbe') in 0.067740 seconds 
========================================================================
Received Import Request.
  Time since last request: 1.030847 seconds.
  path: Assets/Animation/Player_idle_right.anim
  artifactKey: Guid(e89b17cd33d8143e4bd04d11eb42a9c8) Importer(815301076,1909f56bfc062723c751e8b465ee728b)
Start importing Assets/Animation/Player_idle_right.anim using Guid(e89b17cd33d8143e4bd04d11eb42a9c8) Importer(815301076,1909f56bfc062723c751e8b465ee728b)  -> (artifact id: '393edc1e1b3d4631fb7683a74f54ee99') in 0.155998 seconds 
========================================================================
Received Import Request.
  Time since last request: 5.331702 seconds.
  path: Assets/Animation/Player_walk_left.anim
  artifactKey: Guid(6afc4c9a7c644477192fc73e4e3f852e) Importer(815301076,1909f56bfc062723c751e8b465ee728b)
Start importing Assets/Animation/Player_walk_left.anim using Guid(6afc4c9a7c644477192fc73e4e3f852e) Importer(815301076,1909f56bfc062723c751e8b465ee728b)  -> (artifact id: '20775a5cdf6287e3b65c67bfafc7f75d') in 0.014907 seconds 
========================================================================
Received Prepare
Registering precompiled user dll's ...
Registered in 0.129029 seconds.
Begin MonoManager ReloadAssembly
Symbol file LoadedFromMemory doesn't match image /Users/mac/Desktop/wow kael/Library/PackageCache/com.unity.visualscripting@1.6.1/Editor/VisualScripting.Core/Dependencies/YamlDotNet/Unity.VisualScripting.YamlDotNet.dll
Symbol file LoadedFromMemory doesn't match image /Users/mac/Desktop/wow kael/Library/PackageCache/com.unity.visualscripting@1.6.1/Editor/VisualScripting.Core/Dependencies/DotNetZip/Unity.VisualScripting.IonicZip.dll
Native extension for OSXStandalone target not found
Refreshing native plugins compatible for Editor in 3.74 ms, found 3 plugins.
Preloading 0 native plugins for Editor in 0.00 ms.
Mono: successfully reloaded assembly
- Completed reload, in  2.025 seconds
Domain Reload Profiling:
	ReloadAssembly (2025ms)
		BeginReloadAssembly (186ms)
			ExecutionOrderSort (0ms)
			DisableScriptedObjects (8ms)
			BackupInstance (0ms)
			ReleaseScriptingObjects (0ms)
			CreateAndSetChildDomain (109ms)
		EndReloadAssembly (1740ms)
			LoadAssemblies (115ms)
			RebuildTransferFunctionScriptingTraits (0ms)
			SetupTypeCache (720ms)
			ReleaseScriptCaches (2ms)
			RebuildScriptCaches (79ms)
			SetupLoadedEditorAssemblies (466ms)
				LogAssemblyErrors (0ms)
				InitializePlatformSupportModulesInManaged (5ms)
				SetLoadedEditorAssemblies (1ms)
				RefreshPlugins (4ms)
				BeforeProcessingInitializeOnLoad (84ms)
				ProcessInitializeOnLoadAttributes (353ms)
				ProcessInitializeOnLoadMethodAttributes (17ms)
				AfterProcessingInitializeOnLoad (2ms)
				EditorAssembliesLoaded (0ms)
			ExecutionOrderSort2 (0ms)
			AwakeInstancesAfterBackupRestoration (32ms)
Platform modules already initialized, skipping
Refreshing native plugins compatible for Editor in 0.79 ms, found 3 plugins.
Preloading 0 native plugins for Editor in 0.00 ms.
Unloading 3675 Unused Serialized files (Serialized files now loaded: 0)
System memory in use before: 257.9 MB.
System memory in use after: 258.0 MB.

Unloading 25 unused Assets to reduce memory usage. Loaded Objects now: 4542.
Total: 3.872191 ms (FindLiveObjects: 0.321563 ms CreateObjectMapping: 0.140265 ms MarkObjects: 3.203460 ms  DeleteObjects: 0.205829 ms)

AssetImportParameters requested are different than current active one (requested -> active):
  custom:video-decoder-ogg-theora: a1e56fd34408186e4bbccfd4996cb3dc -> 
  custom:container-muxer-webm: aa71ff27fc2769a1b78a27578f13a17b -> 
  custom:container-demuxer-webm: 4f35f7cbe854078d1ac9338744f61a02 -> 
  custom:container-demuxer-ogg: 62fdf1f143b41e24485cea50d1cbac27 -> 
  custom:video-encoder-webm-vp8: eb34c28f22e8b96e1ab97ce403110664 -> 
  custom:framework-osx-AVFoundation: b23960f63f64bdc6ff669e2cdcee2391 -> 
  custom:video-decoder-webm-vp8: 9c59270c3fd7afecdb556c50c9e8de78 -> 
  custom:audio-decoder-ogg-vorbis: bf7c407c2cedff20999df2af8eb42d56 -> 
  custom:audio-encoder-webm-vorbis: bf7c407c2cedff20999df2af8eb42d56 -> 
========================================================================
Received Prepare
Registering precompiled user dll's ...
Registered in 0.002909 seconds.
Begin MonoManager ReloadAssembly
Symbol file LoadedFromMemory doesn't match image /Users/mac/Desktop/wow kael/Library/PackageCache/com.unity.visualscripting@1.6.1/Editor/VisualScripting.Core/Dependencies/YamlDotNet/Unity.VisualScripting.YamlDotNet.dll
Symbol file LoadedFromMemory doesn't match image /Users/mac/Desktop/wow kael/Library/PackageCache/com.unity.visualscripting@1.6.1/Editor/VisualScripting.Core/Dependencies/DotNetZip/Unity.VisualScripting.IonicZip.dll
Native extension for OSXStandalone target not found
Refreshing native plugins compatible for Editor in 0.92 ms, found 3 plugins.
Preloading 0 native plugins for Editor in 0.00 ms.
Mono: successfully reloaded assembly
- Completed reload, in  1.477 seconds
Domain Reload Profiling:
	ReloadAssembly (1477ms)
		BeginReloadAssembly (174ms)
			ExecutionOrderSort (0ms)
			DisableScriptedObjects (13ms)
			BackupInstance (0ms)
			ReleaseScriptingObjects (0ms)
			CreateAndSetChildDomain (98ms)
		EndReloadAssembly (1221ms)
			LoadAssemblies (91ms)
			RebuildTransferFunctionScriptingTraits (0ms)
			SetupTypeCache (520ms)
			ReleaseScriptCaches (2ms)
			RebuildScriptCaches (68ms)
			SetupLoadedEditorAssemblies (367ms)
				LogAssemblyErrors (0ms)
				InitializePlatformSupportModulesInManaged (5ms)
				SetLoadedEditorAssemblies (1ms)
				RefreshPlugins (1ms)
				BeforeProcessingInitializeOnLoad (65ms)
				ProcessInitializeOnLoadAttributes (283ms)
				ProcessInitializeOnLoadMethodAttributes (10ms)
				AfterProcessingInitializeOnLoad (1ms)
				EditorAssembliesLoaded (0ms)
			ExecutionOrderSort2 (0ms)
			AwakeInstancesAfterBackupRestoration (23ms)
Platform modules already initialized, skipping
Refreshing native plugins compatible for Editor in 0.84 ms, found 3 plugins.
Preloading 0 native plugins for Editor in 0.00 ms.
Unloading 3663 Unused Serialized files (Serialized files now loaded: 0)
System memory in use before: 257.7 MB.
System memory in use after: 257.8 MB.

Unloading 25 unused Assets to reduce memory usage. Loaded Objects now: 4546.
Total: 4.421652 ms (FindLiveObjects: 0.512118 ms CreateObjectMapping: 0.372450 ms MarkObjects: 3.429530 ms  DeleteObjects: 0.106546 ms)

AssetImportParameters requested are different than current active one (requested -> active):
  custom:video-decoder-ogg-theora: a1e56fd34408186e4bbccfd4996cb3dc -> 
  custom:container-muxer-webm: aa71ff27fc2769a1b78a27578f13a17b -> 
  custom:container-demuxer-webm: 4f35f7cbe854078d1ac9338744f61a02 -> 
  custom:container-demuxer-ogg: 62fdf1f143b41e24485cea50d1cbac27 -> 
  custom:video-encoder-webm-vp8: eb34c28f22e8b96e1ab97ce403110664 -> 
  custom:framework-osx-AVFoundation: b23960f63f64bdc6ff669e2cdcee2391 -> 
  custom:video-decoder-webm-vp8: 9c59270c3fd7afecdb556c50c9e8de78 -> 
  custom:audio-decoder-ogg-vorbis: bf7c407c2cedff20999df2af8eb42d56 -> 
  custom:audio-encoder-webm-vorbis: bf7c407c2cedff20999df2af8eb42d56 -> 
========================================================================
Received Prepare
Registering precompiled user dll's ...
Registered in 0.264873 seconds.
Begin MonoManager ReloadAssembly
Symbol file LoadedFromMemory doesn't match image /Users/mac/Desktop/wow kael/Library/PackageCache/com.unity.visualscripting@1.6.1/Editor/VisualScripting.Core/Dependencies/YamlDotNet/Unity.VisualScripting.YamlDotNet.dll
Symbol file LoadedFromMemory doesn't match image /Users/mac/Desktop/wow kael/Library/PackageCache/com.unity.visualscripting@1.6.1/Editor/VisualScripting.Core/Dependencies/DotNetZip/Unity.VisualScripting.IonicZip.dll
Native extension for OSXStandalone target not found
Refreshing native plugins compatible for Editor in 0.90 ms, found 3 plugins.
Preloading 0 native plugins for Editor in 0.00 ms.
Mono: successfully reloaded assembly
- Completed reload, in  1.896 seconds
Domain Reload Profiling:
	ReloadAssembly (1897ms)
		BeginReloadAssembly (184ms)
			ExecutionOrderSort (0ms)
			DisableScriptedObjects (13ms)
			BackupInstance (0ms)
			ReleaseScriptingObjects (0ms)
			CreateAndSetChildDomain (106ms)
		EndReloadAssembly (1615ms)
			LoadAssemblies (114ms)
			RebuildTransferFunctionScriptingTraits (0ms)
			SetupTypeCache (707ms)
			ReleaseScriptCaches (2ms)
			RebuildScriptCaches (89ms)
			SetupLoadedEditorAssemblies (482ms)
				LogAssemblyErrors (0ms)
				InitializePlatformSupportModulesInManaged (6ms)
				SetLoadedEditorAssemblies (1ms)
				RefreshPlugins (1ms)
				BeforeProcessingInitializeOnLoad (91ms)
				ProcessInitializeOnLoadAttributes (369ms)
				ProcessInitializeOnLoadMethodAttributes (11ms)
				AfterProcessingInitializeOnLoad (4ms)
				EditorAssembliesLoaded (0ms)
			ExecutionOrderSort2 (0ms)
			AwakeInstancesAfterBackupRestoration (26ms)
Platform modules already initialized, skipping
Refreshing native plugins compatible for Editor in 0.86 ms, found 3 plugins.
Preloading 0 native plugins for Editor in 0.00 ms.
Unloading 3663 Unused Serialized files (Serialized files now loaded: 0)
System memory in use before: 257.9 MB.
System memory in use after: 258.0 MB.

Unloading 25 unused Assets to reduce memory usage. Loaded Objects now: 4550.
Total: 4.360875 ms (FindLiveObjects: 0.399538 ms CreateObjectMapping: 0.309823 ms MarkObjects: 3.536590 ms  DeleteObjects: 0.113664 ms)

AssetImportParameters requested are different than current active one (requested -> active):
  custom:video-decoder-ogg-theora: a1e56fd34408186e4bbccfd4996cb3dc -> 
  custom:container-muxer-webm: aa71ff27fc2769a1b78a27578f13a17b -> 
  custom:container-demuxer-webm: 4f35f7cbe854078d1ac9338744f61a02 -> 
  custom:container-demuxer-ogg: 62fdf1f143b41e24485cea50d1cbac27 -> 
  custom:video-encoder-webm-vp8: eb34c28f22e8b96e1ab97ce403110664 -> 
  custom:framework-osx-AVFoundation: b23960f63f64bdc6ff669e2cdcee2391 -> 
  custom:video-decoder-webm-vp8: 9c59270c3fd7afecdb556c50c9e8de78 -> 
  custom:audio-decoder-ogg-vorbis: bf7c407c2cedff20999df2af8eb42d56 -> 
  custom:audio-encoder-webm-vorbis: bf7c407c2cedff20999df2af8eb42d56 -> 
========================================================================
Received Import Request.
  Time since last request: 230.036674 seconds.
  path: Assets/Animation/Player.controller
  artifactKey: Guid(3546b56d0fc2c4de783aa1cc1c493c9d) Importer(815301076,1909f56bfc062723c751e8b465ee728b)
Start importing Assets/Animation/Player.controller using Guid(3546b56d0fc2c4de783aa1cc1c493c9d) Importer(815301076,1909f56bfc062723c751e8b465ee728b)  -> (artifact id: '2333ad1ac5583b44bc744b476b379f79') in 0.054443 seconds 
========================================================================
Received Prepare
Registering precompiled user dll's ...
Registered in 0.045951 seconds.
Begin MonoManager ReloadAssembly
Symbol file LoadedFromMemory doesn't match image /Users/mac/Desktop/wow kael/Library/PackageCache/com.unity.visualscripting@1.6.1/Editor/VisualScripting.Core/Dependencies/YamlDotNet/Unity.VisualScripting.YamlDotNet.dll
Symbol file LoadedFromMemory doesn't match image /Users/mac/Desktop/wow kael/Library/PackageCache/com.unity.visualscripting@1.6.1/Editor/VisualScripting.Core/Dependencies/DotNetZip/Unity.VisualScripting.IonicZip.dll
Native extension for OSXStandalone target not found
Refreshing native plugins compatible for Editor in 0.84 ms, found 3 plugins.
Preloading 0 native plugins for Editor in 0.00 ms.
Mono: successfully reloaded assembly
- Completed reload, in  1.461 seconds
Domain Reload Profiling:
	ReloadAssembly (1461ms)
		BeginReloadAssembly (172ms)
			ExecutionOrderSort (0ms)
			DisableScriptedObjects (13ms)
			BackupInstance (0ms)
			ReleaseScriptingObjects (0ms)
			CreateAndSetChildDomain (97ms)
		EndReloadAssembly (1204ms)
			LoadAssemblies (91ms)
			RebuildTransferFunctionScriptingTraits (0ms)
			SetupTypeCache (521ms)
			ReleaseScriptCaches (2ms)
			RebuildScriptCaches (67ms)
			SetupLoadedEditorAssemblies (360ms)
				LogAssemblyErrors (0ms)
				InitializePlatformSupportModulesInManaged (5ms)
				SetLoadedEditorAssemblies (1ms)
				RefreshPlugins (1ms)
				BeforeProcessingInitializeOnLoad (65ms)
				ProcessInitializeOnLoadAttributes (275ms)
				ProcessInitializeOnLoadMethodAttributes (11ms)
				AfterProcessingInitializeOnLoad (2ms)
				EditorAssembliesLoaded (0ms)
			ExecutionOrderSort2 (0ms)
			AwakeInstancesAfterBackupRestoration (24ms)
Platform modules already initialized, skipping
Refreshing native plugins compatible for Editor in 0.83 ms, found 3 plugins.
Preloading 0 native plugins for Editor in 0.00 ms.
Unloading 3663 Unused Serialized files (Serialized files now loaded: 0)
System memory in use before: 258.3 MB.
System memory in use after: 258.4 MB.

Unloading 25 unused Assets to reduce memory usage. Loaded Objects now: 4554.
Total: 4.257853 ms (FindLiveObjects: 0.456531 ms CreateObjectMapping: 0.366189 ms MarkObjects: 3.318864 ms  DeleteObjects: 0.115390 ms)

AssetImportParameters requested are different than current active one (requested -> active):
  custom:video-decoder-ogg-theora: a1e56fd34408186e4bbccfd4996cb3dc -> 
  custom:container-muxer-webm: aa71ff27fc2769a1b78a27578f13a17b -> 
  custom:container-demuxer-webm: 4f35f7cbe854078d1ac9338744f61a02 -> 
  custom:container-demuxer-ogg: 62fdf1f143b41e24485cea50d1cbac27 -> 
  custom:video-encoder-webm-vp8: eb34c28f22e8b96e1ab97ce403110664 -> 
  custom:framework-osx-AVFoundation: b23960f63f64bdc6ff669e2cdcee2391 -> 
  custom:video-decoder-webm-vp8: 9c59270c3fd7afecdb556c50c9e8de78 -> 
  custom:audio-decoder-ogg-vorbis: bf7c407c2cedff20999df2af8eb42d56 -> 
  custom:audio-encoder-webm-vorbis: bf7c407c2cedff20999df2af8eb42d56 -> 
========================================================================
Received Prepare
Registering precompiled user dll's ...
Registered in 0.002991 seconds.
Begin MonoManager ReloadAssembly
Symbol file LoadedFromMemory doesn't match image /Users/mac/Desktop/wow kael/Library/PackageCache/com.unity.visualscripting@1.6.1/Editor/VisualScripting.Core/Dependencies/YamlDotNet/Unity.VisualScripting.YamlDotNet.dll
Symbol file LoadedFromMemory doesn't match image /Users/mac/Desktop/wow kael/Library/PackageCache/com.unity.visualscripting@1.6.1/Editor/VisualScripting.Core/Dependencies/DotNetZip/Unity.VisualScripting.IonicZip.dll
Native extension for OSXStandalone target not found
Refreshing native plugins compatible for Editor in 0.84 ms, found 3 plugins.
Preloading 0 native plugins for Editor in 0.00 ms.
Mono: successfully reloaded assembly
- Completed reload, in  1.748 seconds
Domain Reload Profiling:
	ReloadAssembly (1748ms)
		BeginReloadAssembly (186ms)
			ExecutionOrderSort (0ms)
			DisableScriptedObjects (14ms)
			BackupInstance (0ms)
			ReleaseScriptingObjects (0ms)
			CreateAndSetChildDomain (109ms)
		EndReloadAssembly (1473ms)
			LoadAssemblies (97ms)
			RebuildTransferFunctionScriptingTraits (0ms)
			SetupTypeCache (632ms)
			ReleaseScriptCaches (2ms)
			RebuildScriptCaches (83ms)
			SetupLoadedEditorAssemblies (424ms)
				LogAssemblyErrors (0ms)
				InitializePlatformSupportModulesInManaged (7ms)
				SetLoadedEditorAssemblies (1ms)
				RefreshPlugins (1ms)
				BeforeProcessingInitializeOnLoad (76ms)
				ProcessInitializeOnLoadAttributes (325ms)
				ProcessInitializeOnLoadMethodAttributes (13ms)
				AfterProcessingInitializeOnLoad (1ms)
				EditorAssembliesLoaded (0ms)
			ExecutionOrderSort2 (0ms)
			AwakeInstancesAfterBackupRestoration (25ms)
Platform modules already initialized, skipping
Refreshing native plugins compatible for Editor in 0.91 ms, found 3 plugins.
Preloading 0 native plugins for Editor in 0.00 ms.
Unloading 3663 Unused Serialized files (Serialized files now loaded: 0)
System memory in use before: 258.5 MB.
System memory in use after: 258.7 MB.

Unloading 25 unused Assets to reduce memory usage. Loaded Objects now: 4558.
Total: 4.369227 ms (FindLiveObjects: 0.476996 ms CreateObjectMapping: 0.395780 ms MarkObjects: 3.379875 ms  DeleteObjects: 0.115461 ms)

AssetImportParameters requested are different than current active one (requested -> active):
  custom:video-decoder-ogg-theora: a1e56fd34408186e4bbccfd4996cb3dc -> 
  custom:container-muxer-webm: aa71ff27fc2769a1b78a27578f13a17b -> 
  custom:container-demuxer-webm: 4f35f7cbe854078d1ac9338744f61a02 -> 
  custom:container-demuxer-ogg: 62fdf1f143b41e24485cea50d1cbac27 -> 
  custom:video-encoder-webm-vp8: eb34c28f22e8b96e1ab97ce403110664 -> 
  custom:framework-osx-AVFoundation: b23960f63f64bdc6ff669e2cdcee2391 -> 
  custom:video-decoder-webm-vp8: 9c59270c3fd7afecdb556c50c9e8de78 -> 
  custom:audio-decoder-ogg-vorbis: bf7c407c2cedff20999df2af8eb42d56 -> 
  custom:audio-encoder-webm-vorbis: bf7c407c2cedff20999df2af8eb42d56 -> 
========================================================================
Received Import Request.
  Time since last request: 142.684834 seconds.
  path: Assets/Animation/Player.controller
  artifactKey: Guid(3546b56d0fc2c4de783aa1cc1c493c9d) Importer(815301076,1909f56bfc062723c751e8b465ee728b)
Start importing Assets/Animation/Player.controller using Guid(3546b56d0fc2c4de783aa1cc1c493c9d) Importer(815301076,1909f56bfc062723c751e8b465ee728b)  -> (artifact id: '00ea4a07bbbfed7a1c013891523d384c') in 0.049596 seconds 
========================================================================
Received Prepare
Registering precompiled user dll's ...
Registered in 0.002848 seconds.
Begin MonoManager ReloadAssembly
Symbol file LoadedFromMemory doesn't match image /Users/mac/Desktop/wow kael/Library/PackageCache/com.unity.visualscripting@1.6.1/Editor/VisualScripting.Core/Dependencies/YamlDotNet/Unity.VisualScripting.YamlDotNet.dll
Symbol file LoadedFromMemory doesn't match image /Users/mac/Desktop/wow kael/Library/PackageCache/com.unity.visualscripting@1.6.1/Editor/VisualScripting.Core/Dependencies/DotNetZip/Unity.VisualScripting.IonicZip.dll
Native extension for OSXStandalone target not found
Refreshing native plugins compatible for Editor in 0.85 ms, found 3 plugins.
Preloading 0 native plugins for Editor in 0.00 ms.
Mono: successfully reloaded assembly
- Completed reload, in  1.533 seconds
Domain Reload Profiling:
	ReloadAssembly (1534ms)
		BeginReloadAssembly (177ms)
			ExecutionOrderSort (0ms)
			DisableScriptedObjects (14ms)
			BackupInstance (0ms)
			ReleaseScriptingObjects (0ms)
			CreateAndSetChildDomain (99ms)
		EndReloadAssembly (1270ms)
			LoadAssemblies (91ms)
			RebuildTransferFunctionScriptingTraits (0ms)
			SetupTypeCache (547ms)
			ReleaseScriptCaches (2ms)
			RebuildScriptCaches (72ms)
			SetupLoadedEditorAssemblies (377ms)
				LogAssemblyErrors (0ms)
				InitializePlatformSupportModulesInManaged (6ms)
				SetLoadedEditorAssemblies (1ms)
				RefreshPlugins (1ms)
				BeforeProcessingInitializeOnLoad (66ms)
				ProcessInitializeOnLoadAttributes (291ms)
				ProcessInitializeOnLoadMethodAttributes (11ms)
				AfterProcessingInitializeOnLoad (2ms)
				EditorAssembliesLoaded (0ms)
			ExecutionOrderSort2 (0ms)
			AwakeInstancesAfterBackupRestoration (23ms)
Platform modules already initialized, skipping
Refreshing native plugins compatible for Editor in 0.88 ms, found 3 plugins.
Preloading 0 native plugins for Editor in 0.00 ms.
Unloading 3663 Unused Serialized files (Serialized files now loaded: 0)
System memory in use before: 258.8 MB.
System memory in use after: 258.9 MB.

Unloading 25 unused Assets to reduce memory usage. Loaded Objects now: 4562.
Total: 3.200818 ms (FindLiveObjects: 0.319120 ms CreateObjectMapping: 0.145241 ms MarkObjects: 2.624115 ms  DeleteObjects: 0.111067 ms)

AssetImportParameters requested are different than current active one (requested -> active):
  custom:video-decoder-ogg-theora: a1e56fd34408186e4bbccfd4996cb3dc -> 
  custom:container-muxer-webm: aa71ff27fc2769a1b78a27578f13a17b -> 
  custom:container-demuxer-webm: 4f35f7cbe854078d1ac9338744f61a02 -> 
  custom:container-demuxer-ogg: 62fdf1f143b41e24485cea50d1cbac27 -> 
  custom:video-encoder-webm-vp8: eb34c28f22e8b96e1ab97ce403110664 -> 
  custom:framework-osx-AVFoundation: b23960f63f64bdc6ff669e2cdcee2391 -> 
  custom:video-decoder-webm-vp8: 9c59270c3fd7afecdb556c50c9e8de78 -> 
  custom:audio-decoder-ogg-vorbis: bf7c407c2cedff20999df2af8eb42d56 -> 
  custom:audio-encoder-webm-vorbis: bf7c407c2cedff20999df2af8eb42d56 -> 
========================================================================
Received Prepare
Registering precompiled user dll's ...
Registered in 0.061623 seconds.
Begin MonoManager ReloadAssembly
Symbol file LoadedFromMemory doesn't match image /Users/mac/Desktop/wow kael/Library/PackageCache/com.unity.visualscripting@1.6.1/Editor/VisualScripting.Core/Dependencies/YamlDotNet/Unity.VisualScripting.YamlDotNet.dll
Symbol file LoadedFromMemory doesn't match image /Users/mac/Desktop/wow kael/Library/PackageCache/com.unity.visualscripting@1.6.1/Editor/VisualScripting.Core/Dependencies/DotNetZip/Unity.VisualScripting.IonicZip.dll
Native extension for OSXStandalone target not found
Refreshing native plugins compatible for Editor in 1.34 ms, found 3 plugins.
Preloading 0 native plugins for Editor in 0.00 ms.
Mono: successfully reloaded assembly
- Completed reload, in  2.014 seconds
Domain Reload Profiling:
	ReloadAssembly (2014ms)
		BeginReloadAssembly (218ms)
			ExecutionOrderSort (0ms)
			DisableScriptedObjects (13ms)
			BackupInstance (0ms)
			ReleaseScriptingObjects (0ms)
			CreateAndSetChildDomain (131ms)
		EndReloadAssembly (1689ms)
			LoadAssemblies (117ms)
			RebuildTransferFunctionScriptingTraits (0ms)
			SetupTypeCache (664ms)
			ReleaseScriptCaches (2ms)
			RebuildScriptCaches (91ms)
			SetupLoadedEditorAssemblies (546ms)
				LogAssemblyErrors (0ms)
				InitializePlatformSupportModulesInManaged (8ms)
				SetLoadedEditorAssemblies (1ms)
				RefreshPlugins (1ms)
				BeforeProcessingInitializeOnLoad (103ms)
				ProcessInitializeOnLoadAttributes (415ms)
				ProcessInitializeOnLoadMethodAttributes (15ms)
				AfterProcessingInitializeOnLoad (3ms)
				EditorAssembliesLoaded (0ms)
			ExecutionOrderSort2 (0ms)
			AwakeInstancesAfterBackupRestoration (30ms)
Platform modules already initialized, skipping
Refreshing native plugins compatible for Editor in 1.51 ms, found 3 plugins.
Preloading 0 native plugins for Editor in 0.00 ms.
Unloading 3663 Unused Serialized files (Serialized files now loaded: 0)
System memory in use before: 259.0 MB.
System memory in use after: 259.1 MB.

Unloading 25 unused Assets to reduce memory usage. Loaded Objects now: 4566.
Total: 5.074341 ms (FindLiveObjects: 0.772087 ms CreateObjectMapping: 0.586848 ms MarkObjects: 3.590499 ms  DeleteObjects: 0.123518 ms)

AssetImportParameters requested are different than current active one (requested -> active):
  custom:video-decoder-ogg-theora: a1e56fd34408186e4bbccfd4996cb3dc -> 
  custom:container-muxer-webm: aa71ff27fc2769a1b78a27578f13a17b -> 
  custom:container-demuxer-webm: 4f35f7cbe854078d1ac9338744f61a02 -> 
  custom:container-demuxer-ogg: 62fdf1f143b41e24485cea50d1cbac27 -> 
  custom:video-encoder-webm-vp8: eb34c28f22e8b96e1ab97ce403110664 -> 
  custom:framework-osx-AVFoundation: b23960f63f64bdc6ff669e2cdcee2391 -> 
  custom:video-decoder-webm-vp8: 9c59270c3fd7afecdb556c50c9e8de78 -> 
  custom:audio-decoder-ogg-vorbis: bf7c407c2cedff20999df2af8eb42d56 -> 
  custom:audio-encoder-webm-vorbis: bf7c407c2cedff20999df2af8eb42d56 -> 
========================================================================
Received Import Request.
  Time since last request: 119.087104 seconds.
  path: Assets/Animation/Player_walk_right.anim
  artifactKey: Guid(14a7d09a2a05e42c7bd87aa10ded1b46) Importer(815301076,1909f56bfc062723c751e8b465ee728b)
Start importing Assets/Animation/Player_walk_right.anim using Guid(14a7d09a2a05e42c7bd87aa10ded1b46) Importer(815301076,1909f56bfc062723c751e8b465ee728b)  -> (artifact id: 'c7654fec74ad0ecb479e420475fba75f') in 0.047007 seconds 
========================================================================
Received Import Request.
  Time since last request: 2.134014 seconds.
  path: Assets/Animation/Player_walk_left.anim
  artifactKey: Guid(6afc4c9a7c644477192fc73e4e3f852e) Importer(815301076,1909f56bfc062723c751e8b465ee728b)
Start importing Assets/Animation/Player_walk_left.anim using Guid(6afc4c9a7c644477192fc73e4e3f852e) Importer(815301076,1909f56bfc062723c751e8b465ee728b)  -> (artifact id: '2f5829bf21ab8f694cf50fad4baa8150') in 0.003329 seconds 
========================================================================
Received Import Request.
  Time since last request: 1.095934 seconds.
  path: Assets/Animation/Player_idle_left.anim
  artifactKey: Guid(a482d5f9027cb495a87ddf9cdcf20602) Importer(815301076,1909f56bfc062723c751e8b465ee728b)
Start importing Assets/Animation/Player_idle_left.anim using Guid(a482d5f9027cb495a87ddf9cdcf20602) Importer(815301076,1909f56bfc062723c751e8b465ee728b)  -> (artifact id: 'a49586889f8c8ce6e51fe8440597a090') in 0.003197 seconds 
========================================================================
Received Import Request.
  Time since last request: 4.331357 seconds.
  path: Assets/Animation/Player_idle_back.anim
  artifactKey: Guid(94ef6e57fb80a487a83d288dd644495f) Importer(815301076,1909f56bfc062723c751e8b465ee728b)
Start importing Assets/Animation/Player_idle_back.anim using Guid(94ef6e57fb80a487a83d288dd644495f) Importer(815301076,1909f56bfc062723c751e8b465ee728b)  -> (artifact id: 'ee1f59f7c07f397cd55fee55361ad1a8') in 0.002849 seconds 
========================================================================
Received Import Request.
  Time since last request: 26.618019 seconds.
  path: Assets/Animation/Player_walk-up.anim
  artifactKey: Guid(3a7cf22a043b9467ebdddcb922834438) Importer(815301076,1909f56bfc062723c751e8b465ee728b)
Start importing Assets/Animation/Player_walk-up.anim using Guid(3a7cf22a043b9467ebdddcb922834438) Importer(815301076,1909f56bfc062723c751e8b465ee728b)  -> (artifact id: '45050e5c91ae1bd1eb02cb232205a70c') in 0.002861 seconds 
========================================================================
Received Import Request.
  Time since last request: 0.295894 seconds.
  path: Assets/Animation/Player_walk_down.anim
  artifactKey: Guid(232754cd0893c42d298a129b2011ec8a) Importer(815301076,1909f56bfc062723c751e8b465ee728b)
Start importing Assets/Animation/Player_walk_down.anim using Guid(232754cd0893c42d298a129b2011ec8a) Importer(815301076,1909f56bfc062723c751e8b465ee728b)  -> (artifact id: '1c40677b4d15a3e4ed03411979b710a0') in 0.003123 seconds 
========================================================================
Received Prepare
Registering precompiled user dll's ...
Registered in 0.002974 seconds.
Begin MonoManager ReloadAssembly
Symbol file LoadedFromMemory doesn't match image /Users/mac/Desktop/wow kael/Library/PackageCache/com.unity.visualscripting@1.6.1/Editor/VisualScripting.Core/Dependencies/YamlDotNet/Unity.VisualScripting.YamlDotNet.dll
Symbol file LoadedFromMemory doesn't match image /Users/mac/Desktop/wow kael/Library/PackageCache/com.unity.visualscripting@1.6.1/Editor/VisualScripting.Core/Dependencies/DotNetZip/Unity.VisualScripting.IonicZip.dll
Native extension for OSXStandalone target not found
Refreshing native plugins compatible for Editor in 0.82 ms, found 3 plugins.
Preloading 0 native plugins for Editor in 0.00 ms.
Mono: successfully reloaded assembly
- Completed reload, in  1.771 seconds
Domain Reload Profiling:
	ReloadAssembly (1772ms)
		BeginReloadAssembly (203ms)
			ExecutionOrderSort (0ms)
			DisableScriptedObjects (15ms)
			BackupInstance (0ms)
			ReleaseScriptingObjects (0ms)
			CreateAndSetChildDomain (117ms)
		EndReloadAssembly (1465ms)
			LoadAssemblies (117ms)
			RebuildTransferFunctionScriptingTraits (0ms)
			SetupTypeCache (590ms)
			ReleaseScriptCaches (2ms)
			RebuildScriptCaches (72ms)
			SetupLoadedEditorAssemblies (499ms)
				LogAssemblyErrors (0ms)
				InitializePlatformSupportModulesInManaged (6ms)
				SetLoadedEditorAssemblies (1ms)
				RefreshPlugins (1ms)
				BeforeProcessingInitializeOnLoad (77ms)
				ProcessInitializeOnLoadAttributes (399ms)
				ProcessInitializeOnLoadMethodAttributes (11ms)
				AfterProcessingInitializeOnLoad (4ms)
				EditorAssembliesLoaded (0ms)
			ExecutionOrderSort2 (0ms)
			AwakeInstancesAfterBackupRestoration (26ms)
Platform modules already initialized, skipping
Refreshing native plugins compatible for Editor in 0.87 ms, found 3 plugins.
Preloading 0 native plugins for Editor in 0.00 ms.
Unloading 3663 Unused Serialized files (Serialized files now loaded: 0)
System memory in use before: 259.3 MB.
System memory in use after: 259.4 MB.

Unloading 25 unused Assets to reduce memory usage. Loaded Objects now: 4570.
Total: 4.479748 ms (FindLiveObjects: 0.449256 ms CreateObjectMapping: 0.361482 ms MarkObjects: 3.555188 ms  DeleteObjects: 0.112780 ms)

AssetImportParameters requested are different than current active one (requested -> active):
  custom:video-decoder-ogg-theora: a1e56fd34408186e4bbccfd4996cb3dc -> 
  custom:container-muxer-webm: aa71ff27fc2769a1b78a27578f13a17b -> 
  custom:container-demuxer-webm: 4f35f7cbe854078d1ac9338744f61a02 -> 
  custom:container-demuxer-ogg: 62fdf1f143b41e24485cea50d1cbac27 -> 
  custom:video-encoder-webm-vp8: eb34c28f22e8b96e1ab97ce403110664 -> 
  custom:framework-osx-AVFoundation: b23960f63f64bdc6ff669e2cdcee2391 -> 
  custom:video-decoder-webm-vp8: 9c59270c3fd7afecdb556c50c9e8de78 -> 
  custom:audio-decoder-ogg-vorbis: bf7c407c2cedff20999df2af8eb42d56 -> 
  custom:audio-encoder-webm-vorbis: bf7c407c2cedff20999df2af8eb42d56 -> 
AssetImportWorkerClient::OnTransportError - code=2 error=End of file
